#
# A fatal error has been detected by the Java Runtime Environment:
#
#  Internal Error (javaClasses.cpp:126), pid=8948, tid=8972
#  fatal error: Invalid layout of preloaded class
#
# JRE version:  (8.0_20-b26) (build )
# Java VM: Java HotSpot(TM) Client VM (25.20-b23 mixed mode windows-x86 )
# Failed to write core dump. Minidumps are not enabled by default on client versions of Windows
#
# If you would like to submit a bug report, please visit:
#   http://bugreport.sun.com/bugreport/crash.jsp
#

---------------  T H R E A D  ---------------

Current thread (0x0124c000):  JavaThread "Unknown thread" [_thread_in_vm, id=8972, stack(0x01140000,0x01190000)]

Stack: [0x01140000,0x01190000],  sp=0x0118f71c,  free space=317k
Native frames: (J=compiled Java code, j=interpreted, Vv=VM code, C=native code)
V  [jvm.dll+0x196ccb]
V  [jvm.dll+0x18fc56]
V  [jvm.dll+0x3b52a]
V  [jvm.dll+0x3b6e0]
V  [jvm.dll+0x4a2a3]
V  [jvm.dll+0x9d44e]
V  [jvm.dll+0x9d712]
V  [jvm.dll+0x144f11]
V  [jvm.dll+0x168e48]
V  [jvm.dll+0xda6d1]
C  [javaw.exe+0x13e4]
C  [javaw.exe+0x1eb7]
C  [javaw.exe+0xaba1]
C  [javaw.exe+0xac2b]
C  [kernel32.dll+0x4ee1c]
C  [ntdll.dll+0x637fb]
C  [ntdll.dll+0x637ce]
C  0x00000000


---------------  P R O C E S S  ---------------

Java Threads: ( => current thread )

Other Threads:

=>0x0124c000 (exited) JavaThread "Unknown thread" [_thread_in_vm, id=8972, stack(0x01140000,0x01190000)]

VM state:not at safepoint (not fully initialized)

VM Mutex/Monitor currently owned by a thread: None

GC Heap History (0 events):
No events

Deoptimization events (0 events):
No events

Internal exceptions (0 events):
No events

Events (10 events):
Event: 0.016 loading class java/lang/CharSequence done
Event: 0.016 loading class java/lang/String done
Event: 0.016 loading class java/lang/Class
Event: 0.016 loading class java/lang/reflect/AnnotatedElement
Event: 0.016 loading class java/lang/reflect/AnnotatedElement done
Event: 0.016 loading class java/lang/reflect/GenericDeclaration
Event: 0.016 loading class java/lang/reflect/GenericDeclaration done
Event: 0.016 loading class java/lang/reflect/Type
Event: 0.016 loading class java/lang/reflect/Type done
Event: 0.017 loading class java/lang/Class done


Dynamic libraries:
0x012d0000 - 0x01300000 	C:\Program Files\Java\jre1.8.0_20\bin\javaw.exe
0x77360000 - 0x7749d000 	C:\windows\SYSTEM32\ntdll.dll
0x76d90000 - 0x76e64000 	C:\windows\system32\kernel32.dll
0x754f0000 - 0x7553b000 	C:\windows\system32\KERNELBASE.dll
0x75330000 - 0x7539d000 	C:\windows\System32\SYSFER.DLL
0x766b0000 - 0x76750000 	C:\windows\system32\ADVAPI32.dll
0x76ef0000 - 0x76f9c000 	C:\windows\system32\msvcrt.dll
0x774e0000 - 0x774f9000 	C:\windows\SYSTEM32\sechost.dll
0x76560000 - 0x76602000 	C:\windows\system32\RPCRT4.dll
0x76fa0000 - 0x77069000 	C:\windows\system32\USER32.dll
0x75820000 - 0x7586e000 	C:\windows\system32\GDI32.dll
0x75870000 - 0x7587a000 	C:\windows\system32\LPK.dll
0x76610000 - 0x766ad000 	C:\windows\system32\USP10.dll
0x742d0000 - 0x7446e000 	C:\windows\WinSxS\x86_microsoft.windows.common-controls_6595b64144ccf1df_6.0.7601.17514_none_41e6975e2bd6f2b2\COMCTL32.dll
0x77500000 - 0x77557000 	C:\windows\system32\SHLWAPI.dll
0x76d70000 - 0x76d8f000 	C:\windows\system32\IMM32.DLL
0x76ca0000 - 0x76d6c000 	C:\windows\system32\MSCTF.dll
0x5af80000 - 0x5b03f000 	C:\Program Files\Java\jre1.8.0_20\bin\msvcr100.dll
0x69c20000 - 0x69fc2000 	C:\Program Files\Java\jre1.8.0_20\bin\client\jvm.dll
0x733a0000 - 0x733a7000 	C:\windows\system32\WSOCK32.dll
0x774a0000 - 0x774d5000 	C:\windows\system32\WS2_32.dll
0x757a0000 - 0x757a6000 	C:\windows\system32\NSI.dll
0x73890000 - 0x738c2000 	C:\windows\system32\WINMM.dll
0x757b0000 - 0x757b5000 	C:\windows\system32\PSAPI.DLL
0x6a790000 - 0x6a79c000 	C:\Program Files\Java\jre1.8.0_20\bin\verify.dll
0x6a290000 - 0x6a2b1000 	C:\Program Files\Java\jre1.8.0_20\bin\java.dll
0x6a270000 - 0x6a283000 	C:\Program Files\Java\jre1.8.0_20\bin\zip.dll
0x73050000 - 0x7313b000 	C:\windows\system32\dbghelp.dll

VM Arguments:
jvm_args: -Dfile.encoding=UTF-8 -Xbootclasspath:D:\adt-bundle-windows\sdk\platforms\android-19\android.jar 
java_command: com.fgj.urose.remote.html.UmeiHtmlParse
java_class_path (initial): D:\github\remote\URose\libs\htmllexer.jar;D:\github\remote\URose\libs\nineoldandroids-2.4.0.jar;D:\github\remote\URose\libs\android-support-v4.jar;D:\github\remote\URose\libs\htmlparser.jar;D:\github\remote\URose\bin\classes
Launcher Type: SUN_STANDARD

Environment Variables:
JAVA_HOME=C:\Program Files\Java\jdk1.8.0_11
CLASSPATH=.C:\Program Files\Java\jdk1.8.0_11\lib;C:\Program Files\Java\jdk1.8.0_11\lib\tools.jar
PATH=C:/Program Files/Java/jre1.8.0_20/bin/client;C:/Program Files/Java/jre1.8.0_20/bin;C:/Program Files/Java/jre1.8.0_20/lib/i386;C:\ProgramData\Oracle\Java\javapath;C:\Program Files\Common Files\Microsoft Shared\Windows Live;C:\windows\system32;C:\windows;C:\windows\System32\Wbem;C:\windows\System32\WindowsPowerShell\v1.0\;C:\Program Files\Windows Live\Shared;C:\Program Files\Java\jdk1.8.0_11\bin;C:\Program Files\Java\jdk1.8.0_11\jre\bin;D:\android-studio\gradle-1.12-all\gradle-1.12\bin;D:\¹¤¾ß\apache-tomcat-x86_veryhuo.com\apache-tomcat-7.0.52\bin; ;D:\adt-bundle-windows\eclipse;
USERNAME=fenggj1
OS=Windows_NT
PROCESSOR_IDENTIFIER=x86 Family 6 Model 23 Stepping 10, GenuineIntel



---------------  S Y S T E M  ---------------

OS: Windows 7 Build 7601 Service Pack 1

CPU:total 4 (4 cores per cpu, 1 threads per core) family 6 model 23 stepping 10, cmov, cx8, fxsr, mmx, sse, sse2, sse3, ssse3, sse4.1, tsc

Memory: 4k page, physical 3537012k(1429840k free), swap 7072280k(4732440k free)

vm_info: Java HotSpot(TM) Client VM (25.20-b23) for windows-x86 JRE (1.8.0_20-b26), built on Jul 30 2014 18:14:41 by "java_re" with MS VC++ 10.0 (VS2010)

time: Fri Nov 07 10:59:17 2014
elapsed time: 0 seconds (0d 0h 0m 0s)

